<?xml version="1.0" encoding="UTF-8"?>
<testsuite xmlns:xsi="http://www.w3.org/2001/XMLSchema-instance" xsi:noNamespaceSchemaLocation="https://maven.apache.org/surefire/maven-surefire-plugin/xsd/surefire-test-report-3.0.xsd" version="3.0" name="org.openjfx.domain.BroadcastTest" time="0.007" tests="5" errors="0" skipped="0" failures="0">
  <properties>
[...]
</properties>
  <testcase name="getName" classname="org.openjfx.domain.BroadcastTest" time="0.007"/>
  <testcase name="getAirDate" classname="org.openjfx.domain.BroadcastTest" time="0.007"/>
  <testcase name="getEpisodeNumber" classname="org.openjfx.domain.BroadcastTest" time="0.005"/>
  <testcase name="getId" classname="org.openjfx.domain.BroadcastTest" time="0.005"/>
  <testcase name="getSeasonNumber" classname="org.openjfx.domain.BroadcastTest" time="0.005"/>
</testsuite>